This file contains any messages produced by compilers while
running configure, to aid debugging if configure makes a mistake.

It was created by pi configure 1.3.0, which was
generated by GNU Autoconf 2.63.  Invocation command line was

  $ ./configure --enable-sprng LDFLAGS=-L/g/g17/saad/Install/sprng2.0/lib --enable-mpi MPICC=mpiicc MPICXX=mpiicpc -mpicpp --with-blitz=/g/g17/saad/packages CXX=icpc CC=icc FC=ifc --with-blas=-Wl,-rpath,/usr/local/tools/mkl-10.0.3.020/lib -L/usr/local/tools/mkl-10.0.3.020/lib -lmkl_em64t -lguide -lpthread --with-lapack=-Wl,-rpath,/usr/local/tools/mkl-10.0.3.020/lib -L/usr/local/tools/mkl-10.0.3.020/lib -lmkl_lapack -lmkl_em64t -lmkl_core -lguide -lpthread CXXFLAGS=-O3  -I/usr/local/tools/mkl-10.0.3.020/include --prefix=/g/g17/saad/Install/pi/mypi-tst/mypibuild --program-suffix=tst

## --------- ##
## Platform. ##
## --------- ##

hostname = atlas544
uname -m = x86_64
uname -r = 2.6.18-63chaos
uname -s = Linux
uname -v = #1 SMP Fri Dec 19 15:37:16 EST 2008

/usr/bin/uname -p = unknown
/bin/uname -X     = unknown

/bin/arch              = x86_64
/usr/bin/arch -k       = unknown
/usr/convex/getsysinfo = unknown
/usr/bin/hostinfo      = unknown
/bin/machine           = unknown
/usr/bin/oslevel       = unknown
/bin/universe          = unknown

PATH: /usr/global/tools/subversion/chaos_4_x86_64_ib/subversion-1.5.4/bin
PATH: /g/g17/saad/bin
PATH: /g/g17/saad/Install/conf/autoconf-build
PATH: /usr/lib64/qt-3.3/bin
PATH: /usr/global/tools/totalview/m/atlas/dflt/bin
PATH: /usr/local/bin
PATH: /bin
PATH: /usr/bin
PATH: /usr/bin/X11
PATH: /usr/lib/mpi/bin
PATH: /usr/apps/bin
PATH: /usr/gapps/bin
PATH: /usr/kerberos/bin
PATH: /g/g17/saad/Install/QMC/CASINO/bin_qmc/utils/opteron-sge-parallel
PATH: /g/g17/saad/Install/QMC/CASINO/bin_qmc/opteron-sge-parallel/opt
PATH: /g/g17/saad/Install/QMC/QWALK/qwalk/utils/converter
PATH: /g/g17/saad/Install/QMC/QWALK/qwalk/src
PATH: .


## ----------- ##
## Core tests. ##
## ----------- ##

configure:2126: checking for a BSD-compatible install
configure:2194: result: /usr/bin/install -c
configure:2205: checking whether build environment is sane
configure:2248: result: yes
configure:2310: checking for gawk
configure:2326: found /bin/gawk
configure:2337: result: gawk
configure:2348: checking whether make sets $(MAKE)
configure:2370: result: yes
configure:2545: checking whether to enable maintainer-specific portions of Makefiles
configure:2554: result: no
configure:2683: checking for C++ compiler version
configure:2691: icpc --version >&5
icpc (ICC) 9.1 20071016
Copyright (C) 1985-2007 Intel Corporation.  All rights reserved.

configure:2695: $? = 0
configure:2702: icpc -v >&5
Version 9.1 
ld    /usr/lib64/crt1.o /usr/lib64/crti.o /usr/lib/gcc/x86_64-redhat-linux/4.1.2/crtbegin.o --eh-frame-hdr -dynamic-linker /lib64/ld-linux-x86-64.so.2 -o a.out -rpath /usr/local/tools/icc-9.1.052/lib -L/usr/local/tools/ifort-9.1.052/lib -rpath /usr/local/tools/ifort-9.1.052/lib -L/usr/local/tools/icc-9.1.052/lib -L/usr/lib/gcc/x86_64-redhat-linux/4.1.2/ -L/usr/lib64 -Bstatic -lsvml -limf -Bdynamic -lm -Bstatic -lipgo -Bdynamic -Bdynamic -lstdc++ -Bstatic -lirc -Bdynamic -lgcc_s -lgcc -Bdynamic -lcxaguard -Bstatic -lirc -Bdynamic -lc -lgcc_s -lgcc -Bstatic -lirc_s -Bdynamic -ldl -lc /usr/lib/gcc/x86_64-redhat-linux/4.1.2/crtend.o /usr/lib64/crtn.o
/usr/lib64/crt1.o: In function `_start':
(.text+0x20): undefined reference to `main'
rm /var/tmp/saad/icpcX2RwkBgnudirs

rm /var/tmp/saad/icpc0f8xMfgnudirs

rm /var/tmp/saad/icpcsOPSHygnudirs

configure:2706: $? = 1
configure:2713: icpc -V >&5
Intel(R) C++ Compiler for Intel(R) EM64T-based applications, Version 9.1    Build 20071016 Package ID: l_cc_c_9.1.052
Copyright (C) 1985-2007 Intel Corporation.  All rights reserved.

configure:2717: $? = 0
configure:2740: checking for C++ compiler default output file name
configure:2762: icpc -O3  -I/usr/local/tools/mkl-10.0.3.020/include  -L/g/g17/saad/Install/sprng2.0/lib conftest.cpp  >&5
configure:2766: $? = 0
configure:2804: result: a.out
configure:2823: checking whether the C++ compiler works
configure:2833: ./a.out
configure:2837: $? = 0
configure:2856: result: yes
configure:2863: checking whether we are cross compiling
configure:2865: result: no
configure:2868: checking for suffix of executables
configure:2875: icpc -o conftest -O3  -I/usr/local/tools/mkl-10.0.3.020/include  -L/g/g17/saad/Install/sprng2.0/lib conftest.cpp  >&5
configure:2879: $? = 0
configure:2905: result: 
configure:2911: checking for suffix of object files
configure:2937: icpc -c -O3  -I/usr/local/tools/mkl-10.0.3.020/include  conftest.cpp >&5
configure:2941: $? = 0
configure:2966: result: o
configure:2970: checking whether we are using the GNU C++ compiler
configure:2999: icpc -c -O3  -I/usr/local/tools/mkl-10.0.3.020/include  conftest.cpp >&5
configure:3006: $? = 0
configure:3023: result: yes
configure:3032: checking whether icpc accepts -g
configure:3062: icpc -c -g  conftest.cpp >&5
configure:3069: $? = 0
configure:3170: result: yes
configure:3204: checking for style of include used by make
configure:3232: result: GNU
configure:3260: checking dependency style of icpc
configure:3350: result: gcc3
configure:3420: checking for g77
configure:3436: found /usr/bin/g77
configure:3447: result: g77
configure:3473: checking for Fortran 77 compiler version
configure:3481: g77 --version >&5
GNU Fortran (GCC) 3.4.6 20060404 (Red Hat 3.4.6-4)
Copyright (C) 2006 Free Software Foundation, Inc.

GNU Fortran comes with NO WARRANTY, to the extent permitted by law.
You may redistribute copies of GNU Fortran
under the terms of the GNU General Public License.
For more information about these matters, see the file named COPYING
or type the command `info -f g77 Copying'.
configure:3485: $? = 0
configure:3492: g77 -v >&5
Reading specs from /usr/lib/gcc/x86_64-redhat-linux/3.4.6/specs
Configured with: ../configure --prefix=/usr --mandir=/usr/share/man --infodir=/usr/share/info --enable-shared --enable-threads=posix --disable-checking --with-system-zlib --enable-__cxa_atexit --disable-libunwind-exceptions --enable-languages=c,c++,f77 --disable-libgcj --host=x86_64-redhat-linux
Thread model: posix
gcc version 3.4.6 20060404 (Red Hat 3.4.6-4)
configure:3496: $? = 0
configure:3503: g77 -V >&5
g77: `-V' option must have argument
configure:3507: $? = 1
configure:3515: checking whether we are using the GNU Fortran 77 compiler
configure:3534: g77 -c  conftest.F >&5
configure:3541: $? = 0
configure:3558: result: yes
configure:3564: checking whether g77 accepts -g
configure:3581: g77 -c -g conftest.f >&5
configure:3588: $? = 0
configure:3604: result: yes
configure:3647: checking for a BSD-compatible install
configure:3715: result: /usr/bin/install -c
configure:3730: checking for gawk
configure:3757: result: gawk
configure:3773: checking how to get verbose linking output from g77
configure:3789: g77 -c -g -O2 conftest.f >&5
configure:3796: $? = 0
configure:3818: g77 -o conftest -g -O2 -v -L/g/g17/saad/Install/sprng2.0/lib conftest.f
Reading specs from /usr/lib/gcc/x86_64-redhat-linux/3.4.6/specs
Configured with: ../configure --prefix=/usr --mandir=/usr/share/man --infodir=/usr/share/info --enable-shared --enable-threads=posix --disable-checking --with-system-zlib --enable-__cxa_atexit --disable-libunwind-exceptions --enable-languages=c,c++,f77 --disable-libgcj --host=x86_64-redhat-linux
Thread model: posix
gcc version 3.4.6 20060404 (Red Hat 3.4.6-4)
 /usr/libexec/gcc/x86_64-redhat-linux/3.4.6/f771 conftest.f -quiet -dumpbase conftest.f -mtune=k8 -auxbase conftest -g -O2 -version -o /var/tmp/saad/cc2iGh8Y.s
GNU F77 version 3.4.6 20060404 (Red Hat 3.4.6-4) (x86_64-redhat-linux)
	compiled by GNU C version 3.4.6 20060404 (Red Hat 3.4.6-4).
GGC heuristics: --param ggc-min-expand=100 --param ggc-min-heapsize=131072
 as -V -Qy -o /var/tmp/saad/ccUppyl7.o /var/tmp/saad/cc2iGh8Y.s
GNU assembler version 2.17.50.0.6-6.1chaos.ch4.1 (x86_64-redhat-linux) using BFD version 2.17.50.0.6-6.1chaos.ch4.1 20061020
 /usr/libexec/gcc/x86_64-redhat-linux/3.4.6/collect2 --eh-frame-hdr -m elf_x86_64 -dynamic-linker /lib64/ld-linux-x86-64.so.2 -o conftest /usr/lib/gcc/x86_64-redhat-linux/3.4.6/../../../../lib64/crt1.o /usr/lib/gcc/x86_64-redhat-linux/3.4.6/../../../../lib64/crti.o /usr/lib/gcc/x86_64-redhat-linux/3.4.6/crtbegin.o -L/g/g17/saad/Install/sprng2.0/lib -L/usr/lib/gcc/x86_64-redhat-linux/3.4.6 -L/usr/lib/gcc/x86_64-redhat-linux/3.4.6 -L/usr/lib/gcc/x86_64-redhat-linux/3.4.6/../../../../lib64 -L/usr/lib/gcc/x86_64-redhat-linux/3.4.6/../../.. -L/lib/../lib64 -L/usr/lib/../lib64 /var/tmp/saad/ccUppyl7.o -lfrtbegin -lg2c -lm -lgcc_s -lgcc -lc -lgcc_s -lgcc /usr/lib/gcc/x86_64-redhat-linux/3.4.6/crtend.o /usr/lib/gcc/x86_64-redhat-linux/3.4.6/../../../../lib64/crtn.o
configure:3887: result: -v
configure:3889: checking for Fortran 77 libraries of g77
configure:3912: g77 -o conftest -g -O2 -v -L/g/g17/saad/Install/sprng2.0/lib conftest.f
Reading specs from /usr/lib/gcc/x86_64-redhat-linux/3.4.6/specs
Configured with: ../configure --prefix=/usr --mandir=/usr/share/man --infodir=/usr/share/info --enable-shared --enable-threads=posix --disable-checking --with-system-zlib --enable-__cxa_atexit --disable-libunwind-exceptions --enable-languages=c,c++,f77 --disable-libgcj --host=x86_64-redhat-linux
Thread model: posix
gcc version 3.4.6 20060404 (Red Hat 3.4.6-4)
 /usr/libexec/gcc/x86_64-redhat-linux/3.4.6/f771 conftest.f -quiet -dumpbase conftest.f -mtune=k8 -auxbase conftest -g -O2 -version -o /var/tmp/saad/ccUFbOfg.s
GNU F77 version 3.4.6 20060404 (Red Hat 3.4.6-4) (x86_64-redhat-linux)
	compiled by GNU C version 3.4.6 20060404 (Red Hat 3.4.6-4).
GGC heuristics: --param ggc-min-expand=100 --param ggc-min-heapsize=131072
 as -V -Qy -o /var/tmp/saad/ccmGxIvl.o /var/tmp/saad/ccUFbOfg.s
GNU assembler version 2.17.50.0.6-6.1chaos.ch4.1 (x86_64-redhat-linux) using BFD version 2.17.50.0.6-6.1chaos.ch4.1 20061020
 /usr/libexec/gcc/x86_64-redhat-linux/3.4.6/collect2 --eh-frame-hdr -m elf_x86_64 -dynamic-linker /lib64/ld-linux-x86-64.so.2 -o conftest /usr/lib/gcc/x86_64-redhat-linux/3.4.6/../../../../lib64/crt1.o /usr/lib/gcc/x86_64-redhat-linux/3.4.6/../../../../lib64/crti.o /usr/lib/gcc/x86_64-redhat-linux/3.4.6/crtbegin.o -L/g/g17/saad/Install/sprng2.0/lib -L/usr/lib/gcc/x86_64-redhat-linux/3.4.6 -L/usr/lib/gcc/x86_64-redhat-linux/3.4.6 -L/usr/lib/gcc/x86_64-redhat-linux/3.4.6/../../../../lib64 -L/usr/lib/gcc/x86_64-redhat-linux/3.4.6/../../.. -L/lib/../lib64 -L/usr/lib/../lib64 /var/tmp/saad/ccmGxIvl.o -lfrtbegin -lg2c -lm -lgcc_s -lgcc -lc -lgcc_s -lgcc /usr/lib/gcc/x86_64-redhat-linux/3.4.6/crtend.o /usr/lib/gcc/x86_64-redhat-linux/3.4.6/../../../../lib64/crtn.o
configure:4089: result:  -L/g/g17/saad/Install/sprng2.0/lib -L/usr/lib/gcc/x86_64-redhat-linux/3.4.6 -L/usr/lib/gcc/x86_64-redhat-linux/3.4.6/../../../../lib64 -L/usr/lib/gcc/x86_64-redhat-linux/3.4.6/../../.. -L/lib/../lib64 -L/usr/lib/../lib64 -lfrtbegin -lg2c -lm
configure:4148: checking for gcc
configure:4175: result: icc
configure:4407: checking for C compiler version
configure:4415: icc --version >&5
icc (ICC) 9.1 20071016
Copyright (C) 1985-2007 Intel Corporation.  All rights reserved.

configure:4419: $? = 0
configure:4426: icc -v >&5
Version 9.1 
ld    /usr/lib64/crt1.o /usr/lib64/crti.o /usr/lib/gcc/x86_64-redhat-linux/4.1.2/crtbegin.o --eh-frame-hdr -dynamic-linker /lib64/ld-linux-x86-64.so.2 -o a.out -rpath /usr/local/tools/icc-9.1.052/lib -L/usr/local/tools/ifort-9.1.052/lib -rpath /usr/local/tools/ifort-9.1.052/lib -L/usr/local/tools/icc-9.1.052/lib -L/usr/lib/gcc/x86_64-redhat-linux/4.1.2/ -L/usr/lib64 -Bstatic -lsvml -limf -Bdynamic -lm -Bstatic -lipgo -Bdynamic -Bstatic -lirc -Bdynamic -lgcc_s -lgcc -Bdynamic -Bstatic -lirc -Bdynamic -lc -lgcc_s -lgcc -Bstatic -lirc_s -Bdynamic -ldl -lc /usr/lib/gcc/x86_64-redhat-linux/4.1.2/crtend.o /usr/lib64/crtn.o
/usr/lib64/crt1.o: In function `_start':
(.text+0x20): undefined reference to `main'
rm /var/tmp/saad/icckPVRjsgnudirs

rm /var/tmp/saad/iccoln6d2gnudirs

rm /var/tmp/saad/iccspaa3bgnudirs

configure:4430: $? = 1
configure:4437: icc -V >&5
Intel(R) C Compiler for Intel(R) EM64T-based applications, Version 9.1    Build 20071016 Package ID: l_cc_c_9.1.052
Copyright (C) 1985-2007 Intel Corporation.  All rights reserved.

configure:4441: $? = 0
configure:4444: checking whether we are using the GNU C compiler
configure:4481: icc -c   conftest.c >&5
configure:4488: $? = 0
configure:4505: result: yes
configure:4514: checking whether icc accepts -g
configure:4552: icc -c -g  conftest.c >&5
configure:4559: $? = 0
configure:4676: result: yes
configure:4693: checking for icc option to accept ISO C89
configure:4775: icc  -c -g -O2  conftest.c >&5
configure:4782: $? = 0
configure:4805: result: none needed
configure:4825: checking dependency style of icc
configure:4915: result: gcc3
configure:4938: checking for dummy main to link with Fortran 77 libraries
configure:4982: icc -o conftest -g -O2  -L/g/g17/saad/Install/sprng2.0/lib conftest.c   -L/g/g17/saad/Install/sprng2.0/lib -L/usr/lib/gcc/x86_64-redhat-linux/3.4.6 -L/usr/lib/gcc/x86_64-redhat-linux/3.4.6/../../../../lib64 -L/usr/lib/gcc/x86_64-redhat-linux/3.4.6/../../.. -L/lib/../lib64 -L/usr/lib/../lib64 -lfrtbegin -lg2c -lm >&5
configure:4989: $? = 0
configure:5077: result: none
configure:5116: checking for Fortran 77 name-mangling scheme
configure:5135: g77 -c -g -O2 conftest.f >&5
configure:5142: $? = 0
configure:5197: icc -o conftest -g -O2  -L/g/g17/saad/Install/sprng2.0/lib conftest.c cfortran_test.o   -L/g/g17/saad/Install/sprng2.0/lib -L/usr/lib/gcc/x86_64-redhat-linux/3.4.6 -L/usr/lib/gcc/x86_64-redhat-linux/3.4.6/../../../../lib64 -L/usr/lib/gcc/x86_64-redhat-linux/3.4.6/../../.. -L/lib/../lib64 -L/usr/lib/../lib64 -lfrtbegin -lg2c -lm >&5
/var/tmp/saad/iccTTZ3EB.o: In function `main':
/g/g17/saad/Install/pi/mypi-tst/conftest.c:27: undefined reference to `foobar'
configure:5204: $? = 1
configure: failed program was:
| /* confdefs.h.  */
| #define PACKAGE_NAME "pi"
| #define PACKAGE_TARNAME "pi"
| #define PACKAGE_VERSION "1.3.0"
| #define PACKAGE_STRING "pi 1.3.0"
| #define PACKAGE_BUGREPORT "john.shumway@asu.edu"
| /* end confdefs.h.  */
| 
| /* Override any GCC internal prototype to avoid an error.
|    Use char because int might match the return type of a GCC
|    builtin and then its argument prototype would still apply.  */
| #ifdef __cplusplus
| extern "C"
| #endif
| char foobar ();
| #ifdef F77_DUMMY_MAIN
| 
| #  ifdef __cplusplus
|      extern "C"
| #  endif
|    int F77_DUMMY_MAIN() { return 1; }
| 
| #endif
| int
| main ()
| {
| return foobar ();
|   ;
|   return 0;
| }
configure:5197: icc -o conftest -g -O2  -L/g/g17/saad/Install/sprng2.0/lib conftest.c cfortran_test.o   -L/g/g17/saad/Install/sprng2.0/lib -L/usr/lib/gcc/x86_64-redhat-linux/3.4.6 -L/usr/lib/gcc/x86_64-redhat-linux/3.4.6/../../../../lib64 -L/usr/lib/gcc/x86_64-redhat-linux/3.4.6/../../.. -L/lib/../lib64 -L/usr/lib/../lib64 -lfrtbegin -lg2c -lm >&5
configure:5204: $? = 0
configure:5286: icc -o conftest -g -O2  -L/g/g17/saad/Install/sprng2.0/lib conftest.c cfortran_test.o   -L/g/g17/saad/Install/sprng2.0/lib -L/usr/lib/gcc/x86_64-redhat-linux/3.4.6 -L/usr/lib/gcc/x86_64-redhat-linux/3.4.6/../../../../lib64 -L/usr/lib/gcc/x86_64-redhat-linux/3.4.6/../../.. -L/lib/../lib64 -L/usr/lib/../lib64 -lfrtbegin -lg2c -lm >&5
/var/tmp/saad/icceR40yv.o: In function `main':
/g/g17/saad/Install/pi/mypi-tst/conftest.c:27: undefined reference to `foo_bar_'
configure:5293: $? = 1
configure: failed program was:
| /* confdefs.h.  */
| #define PACKAGE_NAME "pi"
| #define PACKAGE_TARNAME "pi"
| #define PACKAGE_VERSION "1.3.0"
| #define PACKAGE_STRING "pi 1.3.0"
| #define PACKAGE_BUGREPORT "john.shumway@asu.edu"
| /* end confdefs.h.  */
| 
| /* Override any GCC internal prototype to avoid an error.
|    Use char because int might match the return type of a GCC
|    builtin and then its argument prototype would still apply.  */
| #ifdef __cplusplus
| extern "C"
| #endif
| char foo_bar_ ();
| #ifdef F77_DUMMY_MAIN
| 
| #  ifdef __cplusplus
|      extern "C"
| #  endif
|    int F77_DUMMY_MAIN() { return 1; }
| 
| #endif
| int
| main ()
| {
| return foo_bar_ ();
|   ;
|   return 0;
| }
configure:5286: icc -o conftest -g -O2  -L/g/g17/saad/Install/sprng2.0/lib conftest.c cfortran_test.o   -L/g/g17/saad/Install/sprng2.0/lib -L/usr/lib/gcc/x86_64-redhat-linux/3.4.6 -L/usr/lib/gcc/x86_64-redhat-linux/3.4.6/../../../../lib64 -L/usr/lib/gcc/x86_64-redhat-linux/3.4.6/../../.. -L/lib/../lib64 -L/usr/lib/../lib64 -lfrtbegin -lg2c -lm >&5
configure:5293: $? = 0
configure:5356: result: lower case, underscore, extra underscore
configure:5475: checking for mpiCC
configure:5502: result: mpiicpc -mpicpp
configure:5520: checking for MPI_Init
configure:5584: mpiicpc -mpicpp -o conftest -O3  -I/usr/local/tools/mkl-10.0.3.020/include  -L/g/g17/saad/Install/sprng2.0/lib conftest.cpp  >&5
configure:5591: $? = 0
configure:5611: result: yes
configure:5778: checking for mpi.h
configure:5809: mpiicpc -mpicpp -c -O3  -I/usr/local/tools/mkl-10.0.3.020/include  conftest.cpp >&5
configure:5816: $? = 0
configure:5821: result: yes
configure:5893: checking build system type
configure:5911: result: x86_64-unknown-linux-gnu
configure:5933: checking host system type
configure:5948: result: x86_64-unknown-linux-gnu
configure:5970: checking for a sed that does not truncate output
configure:6036: result: /bin/sed
configure:6054: checking for grep that handles long lines and -e
configure:6114: result: /bin/grep
configure:6119: checking for egrep
configure:6183: result: /bin/grep -E
configure:6188: checking for fgrep
configure:6252: result: /bin/grep -F
configure:6287: checking for ld used by icc
configure:6354: result: /usr/local/bin/ld
configure:6363: checking if the linker (/usr/local/bin/ld) is GNU ld
configure:6378: result: yes
configure:6390: checking for BSD- or MS-compatible name lister (nm)
configure:6439: result: /usr/bin/nm -B
configure:6557: checking the name lister (/usr/bin/nm -B) interface
configure:6564: mpiicpc -mpicpp -c -O3  -I/usr/local/tools/mkl-10.0.3.020/include  conftest.cpp >&5
configure:6567: /usr/bin/nm -B "conftest.o"
configure:6570: output
0000000000000000 B some_variable
configure:6577: result: BSD nm
configure:6580: checking whether ln -s works
configure:6584: result: yes
configure:6592: checking the maximum length of command line arguments
configure:6712: result: 98304
configure:6729: checking whether the shell understands some XSI constructs
configure:6739: result: yes
configure:6743: checking whether the shell understands "+="
configure:6749: result: yes
configure:6784: checking for /usr/local/bin/ld option to reload object files
configure:6791: result: -r
configure:6860: checking for objdump
configure:6876: found /usr/bin/objdump
configure:6887: result: objdump
configure:6919: checking how to recognize dependent libraries
configure:7115: result: pass_all
configure:7175: checking for ar
configure:7191: found /usr/bin/ar
configure:7202: result: ar
configure:7280: checking for strip
configure:7296: found /usr/bin/strip
configure:7307: result: strip
configure:7379: checking for ranlib
configure:7395: found /usr/bin/ranlib
configure:7406: result: ranlib
configure:7496: checking command to parse /usr/bin/nm -B output from icc object
configure:7614: mpiicpc -mpicpp -c -O3  -I/usr/local/tools/mkl-10.0.3.020/include  conftest.cpp >&5
configure:7617: $? = 0
configure:7621: /usr/bin/nm -B conftest.o \| sed -n -e 's/^.*[	 ]\([ABCDGIRSTW][ABCDGIRSTW]*\)[	 ][	 ]*\([_A-Za-z][_A-Za-z0-9]*\)$/\1 \2 \2/p' \> conftest.nm
configure:7624: $? = 0
configure:7678: mpiicpc -mpicpp -o conftest -O3  -I/usr/local/tools/mkl-10.0.3.020/include  -L/g/g17/saad/Install/sprng2.0/lib conftest.cpp conftstm.o >&5
configure:7681: $? = 0
configure:7719: result: ok
configure:7814: mpiicpc -mpicpp -c -O3  -I/usr/local/tools/mkl-10.0.3.020/include  conftest.cpp >&5
configure:7817: $? = 0
configure:8601: checking how to run the C preprocessor
configure:8641: icc -E  conftest.c
configure:8648: $? = 0
configure:8679: icc -E  conftest.c
conftest.c(12): error #5: could not open source file "ac_nonexistent.h"
  #include <ac_nonexistent.h>
                             ^

configure:8686: $? = 2
configure: failed program was:
| /* confdefs.h.  */
| #define PACKAGE_NAME "pi"
| #define PACKAGE_TARNAME "pi"
| #define PACKAGE_VERSION "1.3.0"
| #define PACKAGE_STRING "pi 1.3.0"
| #define PACKAGE_BUGREPORT "john.shumway@asu.edu"
| #define F77_FUNC(name,NAME) name ## _
| #define F77_FUNC_(name,NAME) name ## __
| #define HAVE_MPI 1
| #define ENABLE_MPI /**/
| /* end confdefs.h.  */
| #include <ac_nonexistent.h>
configure:8719: result: icc -E
configure:8748: icc -E  conftest.c
configure:8755: $? = 0
configure:8786: icc -E  conftest.c
conftest.c(12): error #5: could not open source file "ac_nonexistent.h"
  #include <ac_nonexistent.h>
                             ^

configure:8793: $? = 2
configure: failed program was:
| /* confdefs.h.  */
| #define PACKAGE_NAME "pi"
| #define PACKAGE_TARNAME "pi"
| #define PACKAGE_VERSION "1.3.0"
| #define PACKAGE_STRING "pi 1.3.0"
| #define PACKAGE_BUGREPORT "john.shumway@asu.edu"
| #define F77_FUNC(name,NAME) name ## _
| #define F77_FUNC_(name,NAME) name ## __
| #define HAVE_MPI 1
| #define ENABLE_MPI /**/
| /* end confdefs.h.  */
| #include <ac_nonexistent.h>
configure:8833: checking for ANSI C header files
configure:8871: icc -c -g -O2  conftest.c >&5
configure:8878: $? = 0
configure:8977: icc -o conftest -g -O2  -L/g/g17/saad/Install/sprng2.0/lib conftest.c    >&5
configure:8981: $? = 0
configure:8987: ./conftest
configure:8991: $? = 0
configure:9009: result: yes
configure:9033: checking for sys/types.h
configure:9054: icc -c -g -O2  conftest.c >&5
configure:9061: $? = 0
configure:9078: result: yes
configure:9033: checking for sys/stat.h
configure:9054: icc -c -g -O2  conftest.c >&5
configure:9061: $? = 0
configure:9078: result: yes
configure:9033: checking for stdlib.h
configure:9054: icc -c -g -O2  conftest.c >&5
configure:9061: $? = 0
configure:9078: result: yes
configure:9033: checking for string.h
configure:9054: icc -c -g -O2  conftest.c >&5
configure:9061: $? = 0
configure:9078: result: yes
configure:9033: checking for memory.h
configure:9054: icc -c -g -O2  conftest.c >&5
configure:9061: $? = 0
configure:9078: result: yes
configure:9033: checking for strings.h
configure:9054: icc -c -g -O2  conftest.c >&5
configure:9061: $? = 0
configure:9078: result: yes
configure:9033: checking for inttypes.h
configure:9054: icc -c -g -O2  conftest.c >&5
configure:9061: $? = 0
configure:9078: result: yes
configure:9033: checking for stdint.h
configure:9054: icc -c -g -O2  conftest.c >&5
configure:9061: $? = 0
configure:9078: result: yes
configure:9033: checking for unistd.h
configure:9054: icc -c -g -O2  conftest.c >&5
configure:9061: $? = 0
configure:9078: result: yes
configure:9096: checking for dlfcn.h
configure:9117: icc -c -g -O2  conftest.c >&5
configure:9124: $? = 0
configure:9141: result: yes
configure:9268: checking for C++ compiler version
configure:9276: mpiicpc -mpicpp --version >&5
icpc (ICC) 9.1 20071016
Copyright (C) 1985-2007 Intel Corporation.  All rights reserved.

configure:9280: $? = 0
configure:9287: mpiicpc -mpicpp -v >&5
Version 9.1 
ld    /usr/lib64/crt1.o /usr/lib64/crti.o /usr/lib/gcc/x86_64-redhat-linux/4.1.2/crtbegin.o --eh-frame-hdr -dynamic-linker /lib64/ld-linux-x86-64.so.2 -o a.out -rpath /usr/local/tools/icc-9.1.052/lib -L/usr/local/tools/ifort-9.1.052/lib -rpath /usr/local/tools/ifort-9.1.052/lib -rpath /usr/local/tools/mvapich-intel/lib/shared -L/usr/local/tools/mvapich-intel/lib/shared -L/usr/lib64 -L/usr/local/tools/mvapich-intel/lib -lmpich -lpmpich++ -L/usr/local/tools/icc-9.1.052/lib -L/usr/lib/gcc/x86_64-redhat-linux/4.1.2/ -L/usr/lib64 -lsvml -limf -Bdynamic -lm -lipgo -lstdc++ -lirc -lgcc_s -lgcc -lcxaguard -Bdynamic -lirc -lc -lgcc_s -lgcc -lirc_s -ldl -lc /usr/lib/gcc/x86_64-redhat-linux/4.1.2/crtend.o /usr/lib64/crtn.o
/usr/lib64/crt1.o: In function `_start':
(.text+0x20): undefined reference to `main'
rm /var/tmp/saad/icpcJ89K32gnudirs

rm /var/tmp/saad/icpcGMh9zrgnudirs

rm /var/tmp/saad/icpcY82xDegnudirs

configure:9291: $? = 1
configure:9298: mpiicpc -mpicpp -V >&5
Intel(R) C++ Compiler for Intel(R) EM64T-based applications, Version 9.1    Build 20071016 Package ID: l_cc_c_9.1.052
Copyright (C) 1985-2007 Intel Corporation.  All rights reserved.

configure:9302: $? = 0
configure:9305: checking whether we are using the GNU C++ compiler
configure:9366: result: yes
configure:9375: checking whether mpiicpc -mpicpp accepts -g
configure:9537: result: yes
configure:9562: checking dependency style of mpiicpc -mpicpp
configure:9652: result: gcc3
configure:9677: checking how to run the C++ preprocessor
configure:9713: mpiicpc -mpicpp -E  conftest.cpp
configure:9720: $? = 0
configure:9751: mpiicpc -mpicpp -E  conftest.cpp
conftest.cpp(23): error #5: could not open source file "ac_nonexistent.h"
  #include <ac_nonexistent.h>
                             ^

configure:9758: $? = 2
configure: failed program was:
| /* confdefs.h.  */
| #define PACKAGE_NAME "pi"
| #define PACKAGE_TARNAME "pi"
| #define PACKAGE_VERSION "1.3.0"
| #define PACKAGE_STRING "pi 1.3.0"
| #define PACKAGE_BUGREPORT "john.shumway@asu.edu"
| #define F77_FUNC(name,NAME) name ## _
| #define F77_FUNC_(name,NAME) name ## __
| #define HAVE_MPI 1
| #define ENABLE_MPI /**/
| #define STDC_HEADERS 1
| #define HAVE_SYS_TYPES_H 1
| #define HAVE_SYS_STAT_H 1
| #define HAVE_STDLIB_H 1
| #define HAVE_STRING_H 1
| #define HAVE_MEMORY_H 1
| #define HAVE_STRINGS_H 1
| #define HAVE_INTTYPES_H 1
| #define HAVE_STDINT_H 1
| #define HAVE_UNISTD_H 1
| #define HAVE_DLFCN_H 1
| /* end confdefs.h.  */
| #include <ac_nonexistent.h>
configure:9791: result: mpiicpc -mpicpp -E
configure:9820: mpiicpc -mpicpp -E  conftest.cpp
configure:9827: $? = 0
configure:9858: mpiicpc -mpicpp -E  conftest.cpp
conftest.cpp(23): error #5: could not open source file "ac_nonexistent.h"
  #include <ac_nonexistent.h>
                             ^

configure:9865: $? = 2
configure: failed program was:
| /* confdefs.h.  */
| #define PACKAGE_NAME "pi"
| #define PACKAGE_TARNAME "pi"
| #define PACKAGE_VERSION "1.3.0"
| #define PACKAGE_STRING "pi 1.3.0"
| #define PACKAGE_BUGREPORT "john.shumway@asu.edu"
| #define F77_FUNC(name,NAME) name ## _
| #define F77_FUNC_(name,NAME) name ## __
| #define HAVE_MPI 1
| #define ENABLE_MPI /**/
| #define STDC_HEADERS 1
| #define HAVE_SYS_TYPES_H 1
| #define HAVE_SYS_STAT_H 1
| #define HAVE_STDLIB_H 1
| #define HAVE_STRING_H 1
| #define HAVE_MEMORY_H 1
| #define HAVE_STRINGS_H 1
| #define HAVE_INTTYPES_H 1
| #define HAVE_STDINT_H 1
| #define HAVE_UNISTD_H 1
| #define HAVE_DLFCN_H 1
| /* end confdefs.h.  */
| #include <ac_nonexistent.h>
configure:10013: checking for Fortran 77 compiler version
configure:10021: g77 --version >&5
GNU Fortran (GCC) 3.4.6 20060404 (Red Hat 3.4.6-4)
Copyright (C) 2006 Free Software Foundation, Inc.

GNU Fortran comes with NO WARRANTY, to the extent permitted by law.
You may redistribute copies of GNU Fortran
under the terms of the GNU General Public License.
For more information about these matters, see the file named COPYING
or type the command `info -f g77 Copying'.
configure:10025: $? = 0
configure:10032: g77 -v >&5
Reading specs from /usr/lib/gcc/x86_64-redhat-linux/3.4.6/specs
Configured with: ../configure --prefix=/usr --mandir=/usr/share/man --infodir=/usr/share/info --enable-shared --enable-threads=posix --disable-checking --with-system-zlib --enable-__cxa_atexit --disable-libunwind-exceptions --enable-languages=c,c++,f77 --disable-libgcj --host=x86_64-redhat-linux
Thread model: posix
gcc version 3.4.6 20060404 (Red Hat 3.4.6-4)
configure:10036: $? = 0
configure:10043: g77 -V >&5
g77: `-V' option must have argument
configure:10047: $? = 1
configure:10055: checking whether we are using the GNU Fortran 77 compiler
configure:10098: result: yes
configure:10104: checking whether g77 accepts -g
configure:10144: result: yes
configure:10351: checking for objdir
configure:10366: result: .libs
configure:10662: checking if icc supports -fno-rtti -fno-exceptions
configure:10680: icc -c -g -O2  -fno-rtti -fno-exceptions conftest.c >&5
configure:10684: $? = 0
configure:10697: result: yes
configure:10717: checking for icc option to produce PIC
configure:10989: result: -fPIC -DPIC
configure:11001: checking if icc PIC flag -fPIC -DPIC works
configure:11019: icc -c -g -O2  -fPIC -DPIC -DPIC conftest.c >&5
configure:11023: $? = 0
configure:11036: result: yes
configure:11060: checking if icc static flag -static works
configure:11088: result: yes
configure:11103: checking if icc supports -c -o file.o
configure:11124: icc -c -g -O2  -o out/conftest2.o conftest.c >&5
configure:11128: $? = 0
configure:11150: result: yes
configure:11158: checking if icc supports -c -o file.o
configure:11205: result: yes
configure:11238: checking whether the icc linker (/usr/local/bin/ld -m elf_x86_64) supports shared libraries
configure:12328: result: yes
configure:12365: checking whether -lc should be explicitly linked in
configure:12370: icc -c -g -O2  conftest.c >&5
configure:12373: $? = 0
configure:12388: icc -shared conftest.o  -v -Wl,-soname -Wl,conftest -o conftest 2\>\&1 \| /bin/grep  -lc  \>/dev/null 2\>\&1
configure:12391: $? = 0
configure:12403: result: no
configure:12567: checking dynamic linker characteristics
configure:13018: icc -o conftest -g -O2  -L/g/g17/saad/Install/sprng2.0/lib -Wl,-rpath -Wl,/foo conftest.c    >&5
configure:13025: $? = 0
configure:13258: result: GNU/Linux ld.so
configure:13360: checking how to hardcode library paths into programs
configure:13385: result: immediate
configure:14274: checking whether stripping libraries is possible
configure:14279: result: yes
configure:14314: checking if libtool supports shared libraries
configure:14316: result: yes
configure:14319: checking whether to build shared libraries
configure:14340: result: yes
configure:14343: checking whether to build static libraries
configure:14347: result: yes
configure:14497: checking for ld used by mpiicpc -mpicpp
configure:14564: result: /usr/local/bin/ld -m elf_x86_64
configure:14573: checking if the linker (/usr/local/bin/ld -m elf_x86_64) is GNU ld
configure:14588: result: yes
configure:14643: checking whether the mpiicpc -mpicpp linker (/usr/local/bin/ld -m elf_x86_64) supports shared libraries
configure:15634: result: yes
configure:15662: mpiicpc -mpicpp -c -O3  -I/usr/local/tools/mkl-10.0.3.020/include  conftest.cpp >&5
configure:15665: $? = 0
configure:15847: checking for mpiicpc -mpicpp option to produce PIC
configure:16164: result: -fPIC -DPIC
configure:16173: checking if mpiicpc -mpicpp PIC flag -fPIC -DPIC works
configure:16191: mpiicpc -mpicpp -c -O3  -I/usr/local/tools/mkl-10.0.3.020/include  -fPIC -DPIC -DPIC conftest.cpp >&5
configure:16195: $? = 0
configure:16208: result: yes
configure:16229: checking if mpiicpc -mpicpp static flag -static works
configure:16257: result: yes
configure:16269: checking if mpiicpc -mpicpp supports -c -o file.o
configure:16290: mpiicpc -mpicpp -c -O3  -I/usr/local/tools/mkl-10.0.3.020/include  -o out/conftest2.o conftest.cpp >&5
configure:16294: $? = 0
configure:16316: result: yes
configure:16321: checking if mpiicpc -mpicpp supports -c -o file.o
configure:16368: result: yes
configure:16398: checking whether the mpiicpc -mpicpp linker (/usr/local/bin/ld -m elf_x86_64) supports shared libraries
configure:16424: result: yes
configure:16561: checking dynamic linker characteristics
configure:16960: mpiicpc -mpicpp -o conftest -O3  -I/usr/local/tools/mkl-10.0.3.020/include  -L/g/g17/saad/Install/sprng2.0/lib -Wl,-rpath -Wl,/foo conftest.cpp    >&5
configure:16967: $? = 0
configure:17200: result: GNU/Linux ld.so
configure:17251: checking how to hardcode library paths into programs
configure:17276: result: immediate
configure:17417: checking if libtool supports shared libraries
configure:17419: result: yes
configure:17422: checking whether to build shared libraries
configure:17442: result: yes
configure:17445: checking whether to build static libraries
configure:17449: result: yes
configure:17463: checking for g77 option to produce PIC
configure:17735: result: -fPIC
configure:17744: checking if g77 PIC flag -fPIC works
configure:17762: g77 -c -g -O2 -fPIC conftest.f >&5
configure:17766: $? = 0
configure:17779: result: yes
configure:17800: checking if g77 static flag -static works
configure:17828: result: yes
configure:17840: checking if g77 supports -c -o file.o
configure:17861: g77 -c -g -O2 -o out/conftest2.o conftest.f >&5
configure:17865: $? = 0
configure:17887: result: yes
configure:17892: checking if g77 supports -c -o file.o
configure:17939: result: yes
configure:17969: checking whether the g77 linker (/usr/local/bin/ld -m elf_x86_64) supports shared libraries
configure:19023: result: yes
configure:19160: checking dynamic linker characteristics
configure:19541: g77 -o conftest -g -O2 -L/g/g17/saad/Install/sprng2.0/lib -Wl,-rpath -Wl,/foo conftest.f    >&5
configure:19548: $? = 0
configure:19781: result: GNU/Linux ld.so
configure:19832: checking how to hardcode library paths into programs
configure:19857: result: immediate
configure:19911: checking for get_rn_dbl in -lsprng
configure:19954: mpiicpc -mpicpp -o conftest -O3  -I/usr/local/tools/mkl-10.0.3.020/include  -L/g/g17/saad/Install/sprng2.0/lib conftest.cpp -lsprng     >&5
configure:19961: $? = 0
configure:19982: result: yes
configure:20069: checking for sgemm_ in -Wl,-rpath,/usr/local/tools/mkl-10.0.3.020/lib -L/usr/local/tools/mkl-10.0.3.020/lib -lmkl_em64t -lguide -lpthread
configure:20107: mpiicpc -mpicpp -o conftest -O3  -I/usr/local/tools/mkl-10.0.3.020/include  -L/g/g17/saad/Install/sprng2.0/lib conftest.cpp -Wl,-rpath,/usr/local/tools/mkl-10.0.3.020/lib -L/usr/local/tools/mkl-10.0.3.020/lib -lmkl_em64t -lguide -lpthread -lsprng     -L/g/g17/saad/Install/sprng2.0/lib -L/usr/lib/gcc/x86_64-redhat-linux/3.4.6 -L/usr/lib/gcc/x86_64-redhat-linux/3.4.6/../../../../lib64 -L/usr/lib/gcc/x86_64-redhat-linux/3.4.6/../../.. -L/lib/../lib64 -L/usr/lib/../lib64 -lfrtbegin -lg2c -lm >&5
configure:20114: $? = 0
configure:20133: result: yes
configure:21588: checking for lapack libraries
configure:21634: checking for cheev_ in -Wl,-rpath,/usr/local/tools/mkl-10.0.3.020/lib -L/usr/local/tools/mkl-10.0.3.020/lib -lmkl_lapack -lmkl_em64t -lmkl_core -lguide -lpthread
configure:21672: mpiicpc -mpicpp -o conftest -O3  -I/usr/local/tools/mkl-10.0.3.020/include  -L/g/g17/saad/Install/sprng2.0/lib conftest.cpp -Wl,-rpath,/usr/local/tools/mkl-10.0.3.020/lib -L/usr/local/tools/mkl-10.0.3.020/lib -lmkl_lapack -lmkl_em64t -lmkl_core -lguide -lpthread -Wl,-rpath,/usr/local/tools/mkl-10.0.3.020/lib -L/usr/local/tools/mkl-10.0.3.020/lib -lmkl_em64t -lguide -lpthread -lsprng     -L/g/g17/saad/Install/sprng2.0/lib -L/usr/lib/gcc/x86_64-redhat-linux/3.4.6 -L/usr/lib/gcc/x86_64-redhat-linux/3.4.6/../../../../lib64 -L/usr/lib/gcc/x86_64-redhat-linux/3.4.6/../../.. -L/lib/../lib64 -L/usr/lib/../lib64 -lfrtbegin -lg2c -lm >&5
configure:21679: $? = 0
configure:21698: result: yes
configure:21915: result: yes
configure:21959: checking for xml2-config
configure:21977: found /usr/bin/xml2-config
configure:21990: result: /usr/bin/xml2-config
configure:21999: checking for libxml - version >= 2.4.0
configure:22111: mpiicpc -mpicpp -o conftest -O3  -I/usr/local/tools/mkl-10.0.3.020/include  -I/usr/include/libxml2 -L/g/g17/saad/Install/sprng2.0/lib conftest.cpp -lxml2 -lz -lm -Wl,-rpath,/usr/local/tools/mkl-10.0.3.020/lib -L/usr/local/tools/mkl-10.0.3.020/lib -lmkl_lapack -lmkl_em64t -lmkl_core -lguide -lpthread -Wl,-rpath,/usr/local/tools/mkl-10.0.3.020/lib -L/usr/local/tools/mkl-10.0.3.020/lib -lmkl_em64t -lguide -lpthread -lsprng     -L/g/g17/saad/Install/sprng2.0/lib -L/usr/lib/gcc/x86_64-redhat-linux/3.4.6 -L/usr/lib/gcc/x86_64-redhat-linux/3.4.6/../../../../lib64 -L/usr/lib/gcc/x86_64-redhat-linux/3.4.6/../../.. -L/lib/../lib64 -L/usr/lib/../lib64 -lfrtbegin -lg2c -lm >&5
configure:22115: $? = 0
configure:22121: ./conftest
configure:22125: $? = 0
configure:22147: result: yes (version 2.6.26)
configure:22292: checking for gsl-config
configure:22323: result: /g/g17/saad/packages/bin/gsl-config
configure:22332: checking for GSL - version >= 1.0
configure:22442: mpiicpc -mpicpp -o conftest -O3  -I/usr/local/tools/mkl-10.0.3.020/include -I/usr/include/libxml2  -L/g/g17/saad/Install/sprng2.0/lib conftest.cpp -lxml2 -lz -lm -Wl,-rpath,/usr/local/tools/mkl-10.0.3.020/lib -L/usr/local/tools/mkl-10.0.3.020/lib -lmkl_lapack -lmkl_em64t -lmkl_core -lguide -lpthread -Wl,-rpath,/usr/local/tools/mkl-10.0.3.020/lib -L/usr/local/tools/mkl-10.0.3.020/lib -lmkl_em64t -lguide -lpthread -lsprng     -L/g/g17/saad/Install/sprng2.0/lib -L/usr/lib/gcc/x86_64-redhat-linux/3.4.6 -L/usr/lib/gcc/x86_64-redhat-linux/3.4.6/../../../../lib64 -L/usr/lib/gcc/x86_64-redhat-linux/3.4.6/../../.. -L/lib/../lib64 -L/usr/lib/../lib64 -lfrtbegin -lg2c -lm -L/g/g17/saad/packages/lib -lgsl -lgslcblas -lm >&5
configure:22446: $? = 0
configure:22452: ./conftest
configure:22456: $? = 0
configure:22477: result: yes
configure:22621: checking whether Blitz++ is installed
configure:22676: mpiicpc -mpicpp -o conftest -O3  -I/usr/local/tools/mkl-10.0.3.020/include -I/g/g17/saad/packages/include -L/g/g17/saad/packages/lib conftest.cpp -lblitz -L/g/g17/saad/packages/lib -lgsl -lgslcblas -lm -lxml2 -lz -lm -Wl,-rpath,/usr/local/tools/mkl-10.0.3.020/lib -L/usr/local/tools/mkl-10.0.3.020/lib -lmkl_lapack -lmkl_em64t -lmkl_core -lguide -lpthread -Wl,-rpath,/usr/local/tools/mkl-10.0.3.020/lib -L/usr/local/tools/mkl-10.0.3.020/lib -lmkl_em64t -lguide -lpthread -lsprng     -L/g/g17/saad/Install/sprng2.0/lib -L/usr/lib/gcc/x86_64-redhat-linux/3.4.6 -L/usr/lib/gcc/x86_64-redhat-linux/3.4.6/../../../../lib64 -L/usr/lib/gcc/x86_64-redhat-linux/3.4.6/../../.. -L/lib/../lib64 -L/usr/lib/../lib64 -lfrtbegin -lg2c -lm >&5
configure:22680: $? = 0
configure:22686: ./conftest
configure:22690: $? = 0
configure:22714: result: yes
configure:22753: checking for H5Fopen in -lhdf5
configure:22796: mpiicpc -mpicpp -o conftest -O3  -I/usr/local/tools/mkl-10.0.3.020/include -I/g/g17/saad/packages/include -I/g/g17/saad/packages/include -I/usr/include/libxml2  -L/g/g17/saad/packages/lib -L/g/g17/saad/Install/sprng2.0/lib conftest.cpp -lhdf5  -lblitz -L/g/g17/saad/packages/lib -lgsl -lgslcblas -lm -lxml2 -lz -lm -Wl,-rpath,/usr/local/tools/mkl-10.0.3.020/lib -L/usr/local/tools/mkl-10.0.3.020/lib -lmkl_lapack -lmkl_em64t -lmkl_core -lguide -lpthread -Wl,-rpath,/usr/local/tools/mkl-10.0.3.020/lib -L/usr/local/tools/mkl-10.0.3.020/lib -lmkl_em64t -lguide -lpthread -lsprng     -L/g/g17/saad/Install/sprng2.0/lib -L/usr/lib/gcc/x86_64-redhat-linux/3.4.6 -L/usr/lib/gcc/x86_64-redhat-linux/3.4.6/../../../../lib64 -L/usr/lib/gcc/x86_64-redhat-linux/3.4.6/../../.. -L/lib/../lib64 -L/usr/lib/../lib64 -lfrtbegin -lg2c -lm >&5
configure:22803: $? = 0
configure:22824: result: yes
configure:22836: checking for fftw_plan_dft in -lfftw3
configure:22879: mpiicpc -mpicpp -o conftest -O3  -I/usr/local/tools/mkl-10.0.3.020/include -I/g/g17/saad/packages/include -I/g/g17/saad/packages/include -I/usr/include/libxml2  -L/g/g17/saad/packages/lib -L/g/g17/saad/Install/sprng2.0/lib conftest.cpp -lfftw3  -lhdf5 -lblitz -L/g/g17/saad/packages/lib -lgsl -lgslcblas -lm -lxml2 -lz -lm -Wl,-rpath,/usr/local/tools/mkl-10.0.3.020/lib -L/usr/local/tools/mkl-10.0.3.020/lib -lmkl_lapack -lmkl_em64t -lmkl_core -lguide -lpthread -Wl,-rpath,/usr/local/tools/mkl-10.0.3.020/lib -L/usr/local/tools/mkl-10.0.3.020/lib -lmkl_em64t -lguide -lpthread -lsprng     -L/g/g17/saad/Install/sprng2.0/lib -L/usr/lib/gcc/x86_64-redhat-linux/3.4.6 -L/usr/lib/gcc/x86_64-redhat-linux/3.4.6/../../../../lib64 -L/usr/lib/gcc/x86_64-redhat-linux/3.4.6/../../.. -L/lib/../lib64 -L/usr/lib/../lib64 -lfrtbegin -lg2c -lm >&5
configure:22886: $? = 0
configure:22907: result: yes
configure:22940: checking for an ANSI C-conforming const
configure:23023: mpiicpc -mpicpp -c -O3  -I/usr/local/tools/mkl-10.0.3.020/include -I/g/g17/saad/packages/include -I/g/g17/saad/packages/include -I/usr/include/libxml2  conftest.cpp >&5
configure:23030: $? = 0
configure:23045: result: yes
configure:23197: creating ./config.status

## ---------------------- ##
## Running config.status. ##
## ---------------------- ##

This file was extended by pi config.status 1.3.0, which was
generated by GNU Autoconf 2.63.  Invocation command line was

  CONFIG_FILES    = 
  CONFIG_HEADERS  = 
  CONFIG_LINKS    = 
  CONFIG_COMMANDS = 
  $ ./config.status 

on atlas544

config.status:1129: creating Makefile
config.status:1276: WARNING:  'Makefile.in' seems to ignore the --datarootdir setting
config.status:1129: creating src/Makefile
config.status:1276: WARNING:  'src/Makefile.in' seems to ignore the --datarootdir setting
config.status:1129: creating lib/Makefile
config.status:1276: WARNING:  'lib/Makefile.in' seems to ignore the --datarootdir setting
config.status:1129: creating lib/stats/Makefile
config.status:1276: WARNING:  'lib/stats/Makefile.in' seems to ignore the --datarootdir setting
config.status:1129: creating lib/spin/Makefile
config.status:1276: WARNING:  'lib/spin/Makefile.in' seems to ignore the --datarootdir setting
config.status:1129: creating lib/demo/Makefile
config.status:1276: WARNING:  'lib/demo/Makefile.in' seems to ignore the --datarootdir setting
config.status:1129: creating doc/Makefile
config.status:1276: WARNING:  'doc/Makefile.in' seems to ignore the --datarootdir setting
config.status:1129: creating config.h
config.status:1396: executing depfiles commands
config.status:1396: executing libtool commands

## ---------------- ##
## Cache variables. ##
## ---------------- ##

ac_cv_build=x86_64-unknown-linux-gnu
ac_cv_c_compiler_gnu=yes
ac_cv_c_const=yes
ac_cv_cxx_compiler_gnu=yes
ac_cv_env_CCC_set=
ac_cv_env_CCC_value=
ac_cv_env_CC_set=set
ac_cv_env_CC_value=icc
ac_cv_env_CFLAGS_set=
ac_cv_env_CFLAGS_value=
ac_cv_env_CPPFLAGS_set=
ac_cv_env_CPPFLAGS_value=
ac_cv_env_CPP_set=
ac_cv_env_CPP_value=
ac_cv_env_CXXCPP_set=
ac_cv_env_CXXCPP_value=
ac_cv_env_CXXFLAGS_set=set
ac_cv_env_CXXFLAGS_value='-O3  -I/usr/local/tools/mkl-10.0.3.020/include'
ac_cv_env_CXX_set=set
ac_cv_env_CXX_value=icpc
ac_cv_env_F77_set=
ac_cv_env_F77_value=
ac_cv_env_FFLAGS_set=
ac_cv_env_FFLAGS_value=
ac_cv_env_LDFLAGS_set=set
ac_cv_env_LDFLAGS_value=-L/g/g17/saad/Install/sprng2.0/lib
ac_cv_env_LIBS_set=
ac_cv_env_LIBS_value=
ac_cv_env_MPICXX_set=set
ac_cv_env_MPICXX_value='mpiicpc -mpicpp'
ac_cv_env_build_alias_set=
ac_cv_env_build_alias_value=
ac_cv_env_host_alias_set=
ac_cv_env_host_alias_value=
ac_cv_env_target_alias_set=
ac_cv_env_target_alias_value=
ac_cv_f77_compiler_gnu=yes
ac_cv_f77_dummy_main=none
ac_cv_f77_libs=' -L/g/g17/saad/Install/sprng2.0/lib -L/usr/lib/gcc/x86_64-redhat-linux/3.4.6 -L/usr/lib/gcc/x86_64-redhat-linux/3.4.6/../../../../lib64 -L/usr/lib/gcc/x86_64-redhat-linux/3.4.6/../../.. -L/lib/../lib64 -L/usr/lib/../lib64 -lfrtbegin -lg2c -lm'
ac_cv_f77_mangling='lower case, underscore, extra underscore'
ac_cv_fortran_dummy_main=none
ac_cv_func_MPI_Init=yes
ac_cv_header_dlfcn_h=yes
ac_cv_header_inttypes_h=yes
ac_cv_header_memory_h=yes
ac_cv_header_stdc=yes
ac_cv_header_stdint_h=yes
ac_cv_header_stdlib_h=yes
ac_cv_header_string_h=yes
ac_cv_header_strings_h=yes
ac_cv_header_sys_stat_h=yes
ac_cv_header_sys_types_h=yes
ac_cv_header_unistd_h=yes
ac_cv_host=x86_64-unknown-linux-gnu
ac_cv_lib_fftw3_fftw_plan_dft=yes
ac_cv_lib_hdf5_H5Fopen=yes
ac_cv_lib_sprng_get_rn_dbl=yes
ac_cv_objext=o
ac_cv_path_EGREP='/bin/grep -E'
ac_cv_path_FGREP='/bin/grep -F'
ac_cv_path_GREP=/bin/grep
ac_cv_path_GSL_CONFIG=/g/g17/saad/packages/bin/gsl-config
ac_cv_path_SED=/bin/sed
ac_cv_path_XML2_CONFIG=/usr/bin/xml2-config
ac_cv_path_install='/usr/bin/install -c'
ac_cv_prog_AWK=gawk
ac_cv_prog_CPP='icc -E'
ac_cv_prog_CXXCPP='mpiicpc -mpicpp -E'
ac_cv_prog_MPICXX='mpiicpc -mpicpp'
ac_cv_prog_ac_ct_AR=ar
ac_cv_prog_ac_ct_CC=icc
ac_cv_prog_ac_ct_F77=g77
ac_cv_prog_ac_ct_OBJDUMP=objdump
ac_cv_prog_ac_ct_RANLIB=ranlib
ac_cv_prog_ac_ct_STRIP=strip
ac_cv_prog_cc_c89=
ac_cv_prog_cc_g=yes
ac_cv_prog_cxx_g=yes
ac_cv_prog_f77_g=yes
ac_cv_prog_f77_v=-v
ac_cv_prog_make_make_set=yes
acx_cv_blitz=yes
am_cv_CC_dependencies_compiler_type=gcc3
am_cv_CXX_dependencies_compiler_type=gcc3
lt_cv_deplibs_check_method=pass_all
lt_cv_file_magic_cmd='$MAGIC_CMD'
lt_cv_file_magic_test_file=
lt_cv_ld_reload_flag=-r
lt_cv_nm_interface='BSD nm'
lt_cv_objdir=.libs
lt_cv_path_LD=/usr/local/bin/ld
lt_cv_path_LDCXX='/usr/local/bin/ld -m elf_x86_64'
lt_cv_path_NM='/usr/bin/nm -B'
lt_cv_prog_compiler_c_o=yes
lt_cv_prog_compiler_c_o_CXX=yes
lt_cv_prog_compiler_c_o_F77=yes
lt_cv_prog_compiler_pic_works=yes
lt_cv_prog_compiler_pic_works_CXX=yes
lt_cv_prog_compiler_pic_works_F77=yes
lt_cv_prog_compiler_rtti_exceptions=yes
lt_cv_prog_compiler_static_works=yes
lt_cv_prog_compiler_static_works_CXX=yes
lt_cv_prog_compiler_static_works_F77=yes
lt_cv_prog_gnu_ld=yes
lt_cv_prog_gnu_ldcxx=yes
lt_cv_sys_global_symbol_pipe='sed -n -e '\''s/^.*[	 ]\([ABCDGIRSTW][ABCDGIRSTW]*\)[	 ][	 ]*\([_A-Za-z][_A-Za-z0-9]*\)$/\1 \2 \2/p'\'''
lt_cv_sys_global_symbol_to_c_name_address='sed -n -e '\''s/^: \([^ ]*\) $/  {\"\1\", (void *) 0},/p'\'' -e '\''s/^[ABCDGIRSTW]* \([^ ]*\) \([^ ]*\)$/  {"\2", (void *) \&\2},/p'\'''
lt_cv_sys_global_symbol_to_c_name_address_lib_prefix='sed -n -e '\''s/^: \([^ ]*\) $/  {\"\1\", (void *) 0},/p'\'' -e '\''s/^[ABCDGIRSTW]* \([^ ]*\) \(lib[^ ]*\)$/  {"\2", (void *) \&\2},/p'\'' -e '\''s/^[ABCDGIRSTW]* \([^ ]*\) \([^ ]*\)$/  {"lib\2", (void *) \&\2},/p'\'''
lt_cv_sys_global_symbol_to_cdecl='sed -n -e '\''s/^T .* \(.*\)$/extern int \1();/p'\'' -e '\''s/^[ABCDGIRSTW]* .* \(.*\)$/extern char \1;/p'\'''
lt_cv_sys_max_cmd_len=98304

## ----------------- ##
## Output variables. ##
## ----------------- ##

ACLOCAL='${SHELL} /g/g17/saad/Install/pi/mypi-tst/config/missing --run aclocal-1.9'
AMDEPBACKSLASH='\'
AMDEP_FALSE='#'
AMDEP_TRUE=''
AMTAR='${SHELL} /g/g17/saad/Install/pi/mypi-tst/config/missing --run tar'
AR='ar'
AUTOCONF='${SHELL} /g/g17/saad/Install/pi/mypi-tst/config/missing --run autoconf'
AUTOHEADER='${SHELL} /g/g17/saad/Install/pi/mypi-tst/config/missing --run autoheader'
AUTOMAKE='${SHELL} /g/g17/saad/Install/pi/mypi-tst/config/missing --run automake-1.9'
AWK='gawk'
BLAS_LIBS='-Wl,-rpath,/usr/local/tools/mkl-10.0.3.020/lib -L/usr/local/tools/mkl-10.0.3.020/lib -lmkl_em64t -lguide -lpthread'
CC='icc'
CCDEPMODE='depmode=gcc3'
CFLAGS='-g -O2'
CPP='icc -E'
CPPFLAGS='-I/g/g17/saad/packages/include -I/g/g17/saad/packages/include -I/usr/include/libxml2 '
CXX='mpiicpc -mpicpp'
CXXCPP='mpiicpc -mpicpp -E'
CXXDEPMODE='depmode=gcc3'
CXXFLAGS='-O3  -I/usr/local/tools/mkl-10.0.3.020/include'
CYGPATH_W='echo'
DEFS='-DHAVE_CONFIG_H'
DEPDIR='.deps'
DSYMUTIL=''
DUMPBIN=''
ECHO_C=''
ECHO_N='-n'
ECHO_T=''
EGREP='/bin/grep -E'
EXEEXT=''
F77='g77'
FFLAGS='-g -O2'
FGREP='/bin/grep -F'
FLIBS=' -L/g/g17/saad/Install/sprng2.0/lib -L/usr/lib/gcc/x86_64-redhat-linux/3.4.6 -L/usr/lib/gcc/x86_64-redhat-linux/3.4.6/../../../../lib64 -L/usr/lib/gcc/x86_64-redhat-linux/3.4.6/../../.. -L/lib/../lib64 -L/usr/lib/../lib64 -lfrtbegin -lg2c -lm'
GREP='/bin/grep'
GSL_CFLAGS='-I/g/g17/saad/packages/include'
GSL_CONFIG='/g/g17/saad/packages/bin/gsl-config'
GSL_LIBS='-L/g/g17/saad/packages/lib -lgsl -lgslcblas -lm'
INSTALL_DATA='${INSTALL} -m 644'
INSTALL_PROGRAM='${INSTALL}'
INSTALL_SCRIPT='${INSTALL}'
INSTALL_STRIP_PROGRAM='${SHELL} $(install_sh) -c -s'
LAPACK_LIBS='-Wl,-rpath,/usr/local/tools/mkl-10.0.3.020/lib -L/usr/local/tools/mkl-10.0.3.020/lib -lmkl_lapack -lmkl_em64t -lmkl_core -lguide -lpthread'
LD='/usr/local/bin/ld -m elf_x86_64'
LDFLAGS='-L/g/g17/saad/packages/lib -L/g/g17/saad/Install/sprng2.0/lib'
LIBOBJS=''
LIBS='-lfftw3 -lhdf5 -lblitz -L/g/g17/saad/packages/lib -lgsl -lgslcblas -lm -lxml2 -lz -lm -Wl,-rpath,/usr/local/tools/mkl-10.0.3.020/lib -L/usr/local/tools/mkl-10.0.3.020/lib -lmkl_lapack -lmkl_em64t -lmkl_core -lguide -lpthread -Wl,-rpath,/usr/local/tools/mkl-10.0.3.020/lib -L/usr/local/tools/mkl-10.0.3.020/lib -lmkl_em64t -lguide -lpthread -lsprng     -L/g/g17/saad/Install/sprng2.0/lib -L/usr/lib/gcc/x86_64-redhat-linux/3.4.6 -L/usr/lib/gcc/x86_64-redhat-linux/3.4.6/../../../../lib64 -L/usr/lib/gcc/x86_64-redhat-linux/3.4.6/../../.. -L/lib/../lib64 -L/usr/lib/../lib64 -lfrtbegin -lg2c -lm'
LIBTOOL='$(SHELL) $(top_builddir)/libtool'
LIPO=''
LN_S='ln -s'
LTLIBOBJS=''
MAINT='#'
MAINTAINER_MODE_FALSE=''
MAINTAINER_MODE_TRUE='#'
MAKEINFO='${SHELL} /g/g17/saad/Install/pi/mypi-tst/config/missing --run makeinfo'
MPICXX='mpiicpc -mpicpp'
MPILIBS=' '
NM='/usr/bin/nm -B'
NMEDIT=''
OBJDUMP='objdump'
OBJEXT='o'
OTOOL64=''
OTOOL=''
PACKAGE='pi'
PACKAGE_BUGREPORT='john.shumway@asu.edu'
PACKAGE_NAME='pi'
PACKAGE_STRING='pi 1.3.0'
PACKAGE_TARNAME='pi'
PACKAGE_VERSION='1.3.0'
PATH_SEPARATOR=':'
RANLIB='ranlib'
SED='/bin/sed'
SET_MAKE=''
SHELL='/bin/sh'
STRIP='strip'
VERSION='1.3'
XML2_CONFIG='/usr/bin/xml2-config'
XML_CFLAGS='-I/usr/include/libxml2'
XML_LIBS='-lxml2 -lz -lm'
ac_ct_CC='icc'
ac_ct_CXX=''
ac_ct_DUMPBIN=''
ac_ct_F77='g77'
am__fastdepCC_FALSE='#'
am__fastdepCC_TRUE=''
am__fastdepCXX_FALSE='#'
am__fastdepCXX_TRUE=''
am__include='include'
am__leading_dot='.'
am__quote=''
am__tar='${AMTAR} chof - "$$tardir"'
am__untar='${AMTAR} xf -'
bindir='${exec_prefix}/bin'
build='x86_64-unknown-linux-gnu'
build_alias=''
build_cpu='x86_64'
build_os='linux-gnu'
build_vendor='unknown'
datadir='${datarootdir}'
datarootdir='${prefix}/share'
docdir='${datarootdir}/doc/${PACKAGE_TARNAME}'
dvidir='${docdir}'
exec_prefix='${prefix}'
host='x86_64-unknown-linux-gnu'
host_alias=''
host_cpu='x86_64'
host_os='linux-gnu'
host_vendor='unknown'
htmldir='${docdir}'
includedir='${prefix}/include'
infodir='${datarootdir}/info'
install_sh='/g/g17/saad/Install/pi/mypi-tst/config/install-sh'
libdir='${exec_prefix}/lib'
libexecdir='${exec_prefix}/libexec'
localedir='${datarootdir}/locale'
localstatedir='${prefix}/var'
lt_ECHO='echo'
mandir='${datarootdir}/man'
mkdir_p='mkdir -p --'
oldincludedir='/usr/include'
pdfdir='${docdir}'
prefix='/g/g17/saad/Install/pi/mypi-tst/mypibuild'
program_transform_name='s&$$&tst&'
psdir='${docdir}'
sbindir='${exec_prefix}/sbin'
sharedstatedir='${prefix}/com'
sysconfdir='${prefix}/etc'
target_alias=''

## ----------- ##
## confdefs.h. ##
## ----------- ##

#define PACKAGE_NAME "pi"
#define PACKAGE_TARNAME "pi"
#define PACKAGE_VERSION "1.3.0"
#define PACKAGE_STRING "pi 1.3.0"
#define PACKAGE_BUGREPORT "john.shumway@asu.edu"
#define F77_FUNC(name,NAME) name ## _
#define F77_FUNC_(name,NAME) name ## __
#define HAVE_MPI 1
#define ENABLE_MPI /**/
#define STDC_HEADERS 1
#define HAVE_SYS_TYPES_H 1
#define HAVE_SYS_STAT_H 1
#define HAVE_STDLIB_H 1
#define HAVE_STRING_H 1
#define HAVE_MEMORY_H 1
#define HAVE_STRINGS_H 1
#define HAVE_INTTYPES_H 1
#define HAVE_STDINT_H 1
#define HAVE_UNISTD_H 1
#define HAVE_DLFCN_H 1
#define LT_OBJDIR ".libs/"
#define ENABLE_SPRNG /**/
#define HAVE_BLAS 1
#define HAVE_LIBHDF5 1
#define HAVE_LIBFFTW3 1
#define NDIM 3

configure: exit 0
